<?xml version="1.0" encoding="UTF-8"?>
<!-- Generated by org.testng.reporters.JUnitReportReporter -->
<testsuite skipped="0" hostname="SELENIUM" name="com.durgasoft.selenium.testNG.programs.PythonTutorial_ExplicitWait" tests="1" failures="0" timestamp="21 Jan 2019 13:48:22 GMT" time="7.824" errors="0">
  <testcase name="f" time="7.824" classname="com.durgasoft.selenium.testNG.programs.PythonTutorial_ExplicitWait"/>
</testsuite> <!-- com.durgasoft.selenium.testNG.programs.PythonTutorial_ExplicitWait -->
