<?xml version="1.0" encoding="UTF-8"?>
<!-- Generated by org.testng.reporters.JUnitReportReporter -->
<testsuite skipped="0" hostname="SELENIUM" name="com.durgasoft.selenium.testNG.programs.ReadingDataFromPropertiesFile" tests="1" failures="0" timestamp="31 Jan 2019 14:02:48 GMT" time="2.574" errors="0">
  <testcase name="f" time="2.574" classname="com.durgasoft.selenium.testNG.programs.ReadingDataFromPropertiesFile"/>
</testsuite> <!-- com.durgasoft.selenium.testNG.programs.ReadingDataFromPropertiesFile -->
