<?xml version="1.0" encoding="UTF-8"?>
<!-- Generated by org.testng.reporters.JUnitReportReporter -->
<testsuite skipped="2" hostname="SELENIUM" name="com.durgasoft.selenium.testNG.programs.ResizeObject" tests="3" failures="0" timestamp="01 Feb 2019 13:50:39 GMT" time="0.497" errors="0">
  <testcase name="slider" time="0.497" classname="com.durgasoft.selenium.testNG.programs.ResizeObject"/>
  <testcase name="rightClick" classname="com.durgasoft.selenium.testNG.programs.ResizeObject">
    <skipped/>
  </testcase> <!-- rightClick -->
  <testcase name="f" classname="com.durgasoft.selenium.testNG.programs.ResizeObject">
    <skipped/>
  </testcase> <!-- f -->
</testsuite> <!-- com.durgasoft.selenium.testNG.programs.ResizeObject -->
