<?xml version="1.0" encoding="UTF-8"?>
<!-- Generated by org.testng.reporters.JUnitReportReporter -->
<testsuite skipped="0" hostname="SELENIUM" name="com.durgasoft.selenium.testNG.programs.NOtificationAlerts_DefaultProfile" tests="1" failures="0" timestamp="29 Jan 2019 13:51:27 GMT" time="0.019" errors="0">
  <testcase name="f" time="0.019" classname="com.durgasoft.selenium.testNG.programs.NOtificationAlerts_DefaultProfile"/>
</testsuite> <!-- com.durgasoft.selenium.testNG.programs.NOtificationAlerts_DefaultProfile -->
