<?xml version="1.0" encoding="UTF-8"?>
<!-- Generated by org.testng.reporters.JUnitReportReporter -->
<testsuite skipped="0" hostname="SELENIUM" name="com.durgasoft.selenium.testNG.programs.PrintAllRadioButtonProperties" tests="1" failures="0" timestamp="23 Jan 2019 13:33:45 GMT" time="58.016" errors="0">
  <testcase name="f" time="58.016" classname="com.durgasoft.selenium.testNG.programs.PrintAllRadioButtonProperties"/>
</testsuite> <!-- com.durgasoft.selenium.testNG.programs.PrintAllRadioButtonProperties -->
