<?xml version="1.0" encoding="UTF-8"?>
<!-- Generated by org.testng.reporters.JUnitReportReporter -->
<testsuite skipped="0" hostname="SELENIUM" name="com.durgasoft.selenium.testNG.TC001_HMS_Login_Logout" tests="1" failures="0" timestamp="10 Jan 2019 13:12:42 GMT" time="8.019" errors="0">
  <testcase name="hmsLoginLogout" time="8.019" classname="com.durgasoft.selenium.testNG.TC001_HMS_Login_Logout"/>
</testsuite> <!-- com.durgasoft.selenium.testNG.TC001_HMS_Login_Logout -->
