<?xml version="1.0" encoding="UTF-8"?>
<!-- Generated by org.testng.reporters.JUnitReportReporter -->
<testsuite skipped="3" hostname="SELENIUM" name="com.durgasoft.selenium.testNG.programs.NormalScreenshot" tests="4" failures="0" timestamp="31 Jan 2019 14:09:53 GMT" time="1.497" errors="0">
  <testcase name="normalScreenShot" time="1.497" classname="com.durgasoft.selenium.testNG.programs.NormalScreenshot"/>
  <testcase name="conditionBasedScreenshot" classname="com.durgasoft.selenium.testNG.programs.NormalScreenshot">
    <skipped/>
  </testcase> <!-- conditionBasedScreenshot -->
  <testcase name="dateNtimeScreenShot" classname="com.durgasoft.selenium.testNG.programs.NormalScreenshot">
    <skipped/>
  </testcase> <!-- dateNtimeScreenShot -->
  <testcase name="functionalBasedScreenshot" classname="com.durgasoft.selenium.testNG.programs.NormalScreenshot">
    <skipped/>
  </testcase> <!-- functionalBasedScreenshot -->
</testsuite> <!-- com.durgasoft.selenium.testNG.programs.NormalScreenshot -->
