<?xml version="1.0" encoding="UTF-8"?>
<!-- Generated by org.testng.reporters.JUnitReportReporter -->
<testsuite skipped="0" hostname="SELENIUM" name="com.durgasoft.selenium.testNG.excel.ReadDataFromExcelFileByColumName" tests="1" failures="0" timestamp="05 Feb 2019 13:32:54 GMT" time="1.134" errors="0">
  <testcase name="f" time="1.134" classname="com.durgasoft.selenium.testNG.excel.ReadDataFromExcelFileByColumName"/>
</testsuite> <!-- com.durgasoft.selenium.testNG.excel.ReadDataFromExcelFileByColumName -->
