<?xml version="1.0" encoding="UTF-8"?>
<!-- Generated by org.testng.reporters.JUnitReportReporter -->
<testsuite skipped="0" hostname="SELENIUM" name="com.durgasoft.selenium.testNG.programs.FaceBook_DD" tests="1" failures="0" timestamp="29 Jan 2019 13:23:31 GMT" time="0.331" errors="0">
  <testcase name="f" time="0.331" classname="com.durgasoft.selenium.testNG.programs.FaceBook_DD"/>
</testsuite> <!-- com.durgasoft.selenium.testNG.programs.FaceBook_DD -->
