<?xml version="1.0" encoding="UTF-8"?>
<!-- Generated by org.testng.reporters.JUnitReportReporter -->
<testsuite skipped="0" hostname="SELENIUM" name="com.durgasoft.selenium.testNG.programs.UploadFile_AutoIT" tests="1" failures="0" timestamp="28 Jan 2019 14:08:39 GMT" time="23.771" errors="0">
  <testcase name="f" time="23.771" classname="com.durgasoft.selenium.testNG.programs.UploadFile_AutoIT"/>
</testsuite> <!-- com.durgasoft.selenium.testNG.programs.UploadFile_AutoIT -->
