<?xml version="1.0" encoding="UTF-8"?>
<!-- Generated by org.testng.reporters.JUnitReportReporter -->
<testsuite skipped="0" hostname="SELENIUM" name="com.durgasoft.selenium.testNG.programs.Echo_CheckBox_Properties" tests="1" failures="0" timestamp="22 Jan 2019 13:40:42 GMT" time="4.792" errors="0">
  <testcase name="f" time="4.792" classname="com.durgasoft.selenium.testNG.programs.Echo_CheckBox_Properties"/>
</testsuite> <!-- com.durgasoft.selenium.testNG.programs.Echo_CheckBox_Properties -->
