<?xml version="1.0" encoding="UTF-8"?>
<!-- Generated by org.testng.reporters.JUnitReportReporter -->
<testsuite skipped="0" hostname="SELENIUM" name="com.durgasoft.selenium.testNG.programs.DragNDrop" tests="1" failures="0" timestamp="01 Feb 2019 13:36:32 GMT" time="0.388" errors="0">
  <testcase name="f" time="0.388" classname="com.durgasoft.selenium.testNG.programs.DragNDrop"/>
</testsuite> <!-- com.durgasoft.selenium.testNG.programs.DragNDrop -->
