<?xml version="1.0" encoding="UTF-8"?>
<!-- Generated by org.testng.reporters.JUnitReportReporter -->
<testsuite skipped="0" hostname="SELENIUM" name="com.durgasoft.selenium.testNG.programs.BBC_MoreDD" tests="1" failures="0" timestamp="21 Jan 2019 14:00:11 GMT" time="10.334" errors="0">
  <testcase name="f" time="10.334" classname="com.durgasoft.selenium.testNG.programs.BBC_MoreDD"/>
</testsuite> <!-- com.durgasoft.selenium.testNG.programs.BBC_MoreDD -->
