<?xml version="1.0" encoding="UTF-8"?>
<!-- Generated by org.testng.reporters.JUnitReportReporter -->
<testsuite skipped="0" hostname="SELENIUM" name="com.durgasoft.selenium.testNG.programs.ClickLinks_Bing" tests="1" failures="0" timestamp="10 Jan 2019 13:55:01 GMT" time="2.164" errors="0">
  <testcase name="linksBing" time="2.164" classname="com.durgasoft.selenium.testNG.programs.ClickLinks_Bing"/>
</testsuite> <!-- com.durgasoft.selenium.testNG.programs.ClickLinks_Bing -->
