<?xml version="1.0" encoding="UTF-8"?>
<!-- Generated by org.testng.reporters.JUnitReportReporter -->
<testsuite skipped="0" hostname="SELENIUM" name="com.durgasoft.selenium.testNG.programs.BootStrapAlert_RedBus" tests="1" failures="0" timestamp="28 Jan 2019 13:32:03 GMT" time="31.493" errors="0">
  <testcase name="f" time="31.493" classname="com.durgasoft.selenium.testNG.programs.BootStrapAlert_RedBus"/>
</testsuite> <!-- com.durgasoft.selenium.testNG.programs.BootStrapAlert_RedBus -->
