<?xml version="1.0" encoding="UTF-8"?>
<!-- Generated by org.testng.reporters.JUnitReportReporter -->
<testsuite skipped="0" hostname="SELENIUM" name="com.durgasoft.selenium.testNG.excel.ReadDataFromExcelFile" tests="1" failures="0" timestamp="05 Feb 2019 13:11:56 GMT" time="1.103" errors="0">
  <testcase name="f" time="1.103" classname="com.durgasoft.selenium.testNG.excel.ReadDataFromExcelFile"/>
</testsuite> <!-- com.durgasoft.selenium.testNG.excel.ReadDataFromExcelFile -->
