<?xml version="1.0" encoding="UTF-8"?>
<!-- Generated by org.testng.reporters.JUnitReportReporter -->
<testsuite skipped="0" hostname="SELENIUM" name="com.durgasoft.selenium.testNG.excel.WrteExcelDataBYFontNStyle" tests="1" failures="0" timestamp="06 Feb 2019 13:19:48 GMT" time="2.781" errors="0">
  <testcase name="f" time="2.781" classname="com.durgasoft.selenium.testNG.excel.WrteExcelDataBYFontNStyle"/>
</testsuite> <!-- com.durgasoft.selenium.testNG.excel.WrteExcelDataBYFontNStyle -->
