<?xml version="1.0" encoding="UTF-8"?>
<!-- Generated by org.testng.reporters.JUnitReportReporter -->
<testsuite skipped="0" hostname="SELENIUM" name="com.durgasoft.selenium.testNG.excel.ReadDataFromExcelFIle_Excel_API" tests="1" failures="0" timestamp="08 Feb 2019 13:27:38 GMT" time="1.387" errors="0">
  <testcase name="f" time="1.387" classname="com.durgasoft.selenium.testNG.excel.ReadDataFromExcelFIle_Excel_API"/>
</testsuite> <!-- com.durgasoft.selenium.testNG.excel.ReadDataFromExcelFIle_Excel_API -->
