<?xml version="1.0" encoding="UTF-8"?>
<!-- Generated by org.testng.reporters.JUnitReportReporter -->
<testsuite skipped="0" hostname="SELENIUM" name="com.durgasoft.selenium.testNG.excel.ReadAllDataFromExcelFile" tests="1" failures="0" timestamp="05 Feb 2019 13:47:58 GMT" time="1.103" errors="0">
  <testcase name="f" time="1.103" classname="com.durgasoft.selenium.testNG.excel.ReadAllDataFromExcelFile"/>
</testsuite> <!-- com.durgasoft.selenium.testNG.excel.ReadAllDataFromExcelFile -->
