<?xml version="1.0" encoding="UTF-8"?>
<!-- Generated by org.testng.reporters.JUnitReportReporter -->
<testsuite skipped="0" hostname="SELENIUM" name="com.durgasoft.selenium.testNG.excel.WriteExcelDataByIndex" tests="1" failures="0" timestamp="06 Feb 2019 13:09:07 GMT" time="3.937" errors="0">
  <testcase name="f" time="3.937" classname="com.durgasoft.selenium.testNG.excel.WriteExcelDataByIndex"/>
</testsuite> <!-- com.durgasoft.selenium.testNG.excel.WriteExcelDataByIndex -->
