<?xml version="1.0" encoding="UTF-8"?>
<!-- Generated by org.testng.reporters.JUnitReportReporter -->
<testsuite skipped="0" hostname="SELENIUM" name="com.durgasoft.selenium.testNG.programs.NotificationAlerts_Firefox_UserProfile" tests="1" failures="0" timestamp="29 Jan 2019 13:45:54 GMT" time="0.009" errors="0">
  <testcase name="f" time="0.009" classname="com.durgasoft.selenium.testNG.programs.NotificationAlerts_Firefox_UserProfile"/>
</testsuite> <!-- com.durgasoft.selenium.testNG.programs.NotificationAlerts_Firefox_UserProfile -->
