<?xml version="1.0" encoding="UTF-8"?>
<!-- Generated by org.testng.reporters.JUnitReportReporter -->
<testsuite skipped="0" hostname="SELENIUM" name="com.durgasoft.selenium.testNG.programs.RadioButton_Properties" tests="1" failures="0" timestamp="22 Jan 2019 13:55:22 GMT" time="1.576" errors="0">
  <testcase name="f" time="1.576" classname="com.durgasoft.selenium.testNG.programs.RadioButton_Properties"/>
</testsuite> <!-- com.durgasoft.selenium.testNG.programs.RadioButton_Properties -->
