<?xml version="1.0" encoding="UTF-8"?>
<!-- Generated by org.testng.reporters.JUnitReportReporter -->
<testsuite skipped="0" hostname="SELENIUM" name="com.durgasoft.selenium.testNG.excel.HMS_ReTesting" tests="1" failures="0" timestamp="08 Feb 2019 13:38:56 GMT" time="3.495" errors="0">
  <testcase name="f" time="3.495" classname="com.durgasoft.selenium.testNG.excel.HMS_ReTesting"/>
</testsuite> <!-- com.durgasoft.selenium.testNG.excel.HMS_ReTesting -->
