<?xml version="1.0" encoding="UTF-8"?>
<!-- Generated by org.testng.reporters.JUnitReportReporter -->
<testsuite skipped="0" hostname="SELENIUM" name="com.durgasoft.selenium.testNG.programs.JqueryDropdown" tests="1" failures="0" timestamp="23 Jan 2019 13:16:19 GMT" time="1.664" errors="0">
  <testcase name="f" time="1.664" classname="com.durgasoft.selenium.testNG.programs.JqueryDropdown"/>
</testsuite> <!-- com.durgasoft.selenium.testNG.programs.JqueryDropdown -->
