<?xml version="1.0" encoding="UTF-8"?>
<!-- Generated by org.testng.reporters.JUnitReportReporter -->
<testsuite skipped="0" hostname="SELENIUM" name="com.durgasoft.selenium.testNG.programs.DynamicWebCalender" tests="1" failures="0" timestamp="11 Feb 2019 13:44:45 GMT" time="37.686" errors="0">
  <testcase name="f" time="37.686" classname="com.durgasoft.selenium.testNG.programs.DynamicWebCalender"/>
</testsuite> <!-- com.durgasoft.selenium.testNG.programs.DynamicWebCalender -->
