<?xml version="1.0" encoding="UTF-8"?>
<!-- Generated by org.testng.reporters.JUnitReportReporter -->
<testsuite skipped="0" hostname="SELENIUM" name="com.durgasoft.selenium.testNG.programs.FaceBook_Login_JSE" tests="1" failures="0" timestamp="31 Jan 2019 13:36:50 GMT" time="1.078" errors="0">
  <testcase name="f" time="1.078" classname="com.durgasoft.selenium.testNG.programs.FaceBook_Login_JSE"/>
</testsuite> <!-- com.durgasoft.selenium.testNG.programs.FaceBook_Login_JSE -->
