<?xml version="1.0" encoding="UTF-8"?>
<!-- Generated by org.testng.reporters.JUnitReportReporter -->
<testsuite skipped="0" hostname="SELENIUM" name="com.durgasoft.ecommerce.homepage.TC001_CustomerRegistration" tests="1" failures="0" timestamp="26 Feb 2019 13:05:21 GMT" time="63.540" errors="0">
  <testcase name="verifyRegistration" time="63.540" classname="com.durgasoft.ecommerce.homepage.TC001_CustomerRegistration"/>
</testsuite> <!-- com.durgasoft.ecommerce.homepage.TC001_CustomerRegistration -->
